commit a7448b419bc0bfcf36fe7fb43f2b779c92fe9643
Author: Feresey <p.milko1999@yandex.ru>
Date:   Tue Jan 21 15:40:09 2020 +0300

    commit 69e8d8b0d5246568b281ddfe120dbb04e0661266
    Author: Feresey <p.milko1999@yandex.ru>
    Date:   Tue Jan 21 15:36:11 2020 +0300
    
        lang
    
    commit d146a983f0da6ba6f02495c16ef26f2452a75fa1
    Author: Feresey <p.milko1999@yandex.ru>
    Date:   Tue Jan 21 15:30:18 2020 +0300
    
        F2
    
    commit 1ee067eb17d6a654ff12c26c1af5c3df63fcf657
    Author: Feresey <p.milko1999@yandex.ru>
    Date:   Tue Jan 21 15:27:30 2020 +0300
    
        F
    
    commit d69a8956c24d0b5e93480d5b5d827c513d8c3167
    Author: Feresey <p.milko1999@yandex.ru>
    Date:   Tue Jan 21 15:23:04 2020 +0300
    
        bann
    
    commit ff242a620a5effa51454b7241bdf3d876cb9c4df
    Author: Feresey <p.milko1999@yandex.ru>
    Date:   Tue Jan 21 15:10:35 2020 +0300
    
        pii
    
    commit fd3f79b728e01c68f5af17b5581fa4738b2716c4
    Author: Feresey <p.milko1999@yandex.ru>
    Date:   Tue Jan 21 15:09:23 2020 +0300
    
        ban
    
    commit b0f1276792720bc6834527b29c8a92a75dce6ea1
    Author: Feresey <p.milko1999@yandex.ru>
    Date:   Tue Jan 21 14:55:03 2020 +0300
    
        reply fix2
    
    commit 65a1d172492941b88b90efd6894f7590c6b7c46e
    Author: Feresey <p.milko1999@yandex.ru>
    Date:   Tue Jan 21 14:53:58 2020 +0300
    
        reply fix
    
    commit 44f9ba1e9b3ad6bca280447e68aa072c3277de33
    Author: Feresey <p.milko1999@yandex.ru>
    Date:   Tue Jan 21 14:51:03 2020 +0300
    
        reply ban
    
    commit 7e68cc49895aa874ee6725cdfec607b2e6dba3f5
    Author: Feresey <p.milko1999@yandex.ru>
    Date:   Tue Jan 21 14:36:44 2020 +0300
    
        msg only
    
    commit f908e1f3110f4e6337f881935e70c73439f75c67
    Author: Feresey <p.milko1999@yandex.ru>
    Date:   Tue Jan 21 14:31:12 2020 +0300
    
        fix
    
    commit 10a2ad686f094f5c3e5a1f35732988e04d2a8339
    Author: Feresey <p.milko1999@yandex.ru>
    Date:   Tue Jan 21 14:28:38 2020 +0300
    
        no all update
    
    commit 9066d2b61c488ad99549b6ba6d98addce6356205
    Author: Feresey <p.milko1999@yandex.ru>
    Date:   Tue Jan 21 14:15:59 2020 +0300
    
        Split form main
    
    commit 0969b5fcbe478d41a920ca326648cc17832ee896
    Author: Feresey <p.milko1999@yandex.ru>
    Date:   Tue Jan 21 13:13:10 2020 +0300
    
        logging
    
    commit b99d08a07e4e2c86f505d9a07bdafa476cb4a0a0
    Author: Feresey <p.milko1999@yandex.ru>
    Date:   Tue Jan 21 12:51:01 2020 +0300
    
        db
    
    commit 19645c8eb04f4822676cc759d63d889970130a58
    Author: Feresey <p.milko1999@yandex.ru>
    Date:   Tue Jan 21 01:58:52 2020 +0300
    
        log
    
    commit 342c1de6fa62ed770ca3f1d3dc66200e0cc77b77
    Author: Feresey <p.milko1999@yandex.ru>
    Date:   Tue Jan 21 01:56:27 2020 +0300
    
        username
    
    commit 8b88d035fb1b9ced5bfbf7e4d9830f63e098f0a3
    Author: Feresey <p.milko1999@yandex.ru>
    Date:   Tue Jan 21 01:53:41 2020 +0300
    
        panic
    
    commit 1dd71f1cddd656be94d24954db2b849bde455cdd
    Author: Feresey <p.milko1999@yandex.ru>
    Date:   Tue Jan 21 01:46:18 2020 +0300
    
        m
    
    commit b3fe3dc1ab0f0e803a3aa1410033dfa893911fc5
    Author: Feresey <p.milko1999@yandex.ru>
    Date:   Tue Jan 21 00:56:19 2020 +0300
    
        блядский хераку
    
    commit 8840d217dcbb56689ceff2cbc0e68d951a9699bd
    Author: Feresey <p.milko1999@yandex.ru>
    Date:   Tue Jan 21 00:40:33 2020 +0300
    
        run
    
    commit ab95cbdcec5a58491606958f7d7e980c123fcf3e
    Author: Feresey <p.milko1999@yandex.ru>
    Date:   Tue Jan 21 00:39:00 2020 +0300
    
        worker
    
    commit aa6a75f4b565897ecdd3ebcbdb8fc0cf6fb2ec66
    Author: Feresey <p.milko1999@yandex.ru>
    Date:   Tue Jan 21 00:37:52 2020 +0300
    
        worker
    
    commit 269c1f928e3c555535c7109642e034f76d837a81
    Author: Feresey <p.milko1999@yandex.ru>
    Date:   Tue Jan 21 00:29:59 2020 +0300
    
        worker
    
    commit 7dc4650ad684068bf53a065b9ea3774c96db9e79
    Author: Feresey <p.milko1999@yandex.ru>
    Date:   Tue Jan 21 00:23:43 2020 +0300
    
        Remove build command
    
    commit 9a6b8c42bbf9a6f0bf177adcf0eb9ca291b15b49
    Author: Feresey <p.milko1999@yandex.ru>
    Date:   Tue Jan 21 00:11:43 2020 +0300
    
        Remove build command
    
    commit eebfb64eba8e9db9872c5b7c8f4358570e25905e
    Author: Feresey <p.milko1999@yandex.ru>
    Date:   Tue Jan 21 00:01:35 2020 +0300
    
        Proc1
    
    commit 941f56f30394e80c73dbc78d3615966386198271
    Author: Feresey <p.milko1999@yandex.ru>
    Date:   Mon Jan 20 23:56:47 2020 +0300
    
        Proc
    
    commit 361b74b45f9cd9a8520d21f82f8716b29cd88f75
    Author: Feresey <p.milko1999@yandex.ru>
    Date:   Mon Jan 20 23:55:14 2020 +0300
    
        init2
    
    commit 3879708eab48aea1738379028a4dabc944cb0991
    Author: Feresey <p.milko1999@yandex.ru>
    Date:   Mon Jan 20 23:40:39 2020 +0300
    
        init
